#-----------------------------------------------------------
# Vivado v2018.3 (64-bit)
# SW Build 2405991 on Thu Dec  6 23:38:27 MST 2018
# IP Build 2404404 on Fri Dec  7 01:43:56 MST 2018
# Start of session at: Thu Dec  2 18:34:28 2021
# Process ID: 25792
# Current directory: D:/CODES/vivado/Project14-3
# Command line: vivado.exe -gui_launcher_event rodinguilauncherevent4580 D:\CODES\vivado\Project14-3\Project14-3.xpr
# Log file: D:/CODES/vivado/Project14-3/vivado.log
# Journal file: D:/CODES/vivado/Project14-3\vivado.jou
#-----------------------------------------------------------
start_gui
open_project D:/CODES/vivado/Project14-3/Project14-3.xpr
Scanning sources...
Finished scanning sources
INFO: [IP_Flow 19-234] Refreshing IP repositories
INFO: [IP_Flow 19-1704] No user IP repositories specified
INFO: [IP_Flow 19-2313] Loaded Vivado IP repository 'D:/Xilinx/Vivado/2018.3/data/ip'.
update_compile_order -fileset sources_1
open_hw
connect_hw_server
INFO: [Labtools 27-2285] Connecting to hw_server url TCP:localhost:3121
INFO: [Labtools 27-2222] Launching hw_server...
INFO: [Labtools 27-2221] Launch Output:

****** Xilinx hw_server v2018.3
  **** Build date : Dec  7 2018-00:40:27
    ** Copyright 1986-2018 Xilinx, Inc. All Rights Reserved.


open_hw_target
INFO: [Labtoolstcl 44-466] Opening hw_target localhost:3121/xilinx_tcf/Digilent/210183B03CC8A
set_property PROGRAM.FILE {D:/CODES/vivado/Project14-3/Project14-3.runs/impl_1/top_FIFO.bit} [get_hw_devices xc7a35t_0]
current_hw_device [get_hw_devices xc7a35t_0]
refresh_hw_device -update_hw_probes false [lindex [get_hw_devices xc7a35t_0] 0]
INFO: [Labtools 27-1434] Device xc7a35t (JTAG device index = 0) is programmed with a design that has no supported debug core(s) in it.
set_property PROBES.FILE {} [get_hw_devices xc7a35t_0]
set_property FULL_PROBES.FILE {} [get_hw_devices xc7a35t_0]
set_property PROGRAM.FILE {D:/CODES/vivado/Project14-3/Project14-3.runs/impl_1/top_FIFO.bit} [get_hw_devices xc7a35t_0]
program_hw_devices [get_hw_devices xc7a35t_0]
INFO: [Labtools 27-3164] End of startup status: HIGH
refresh_hw_device [lindex [get_hw_devices xc7a35t_0] 0]
INFO: [Labtools 27-1434] Device xc7a35t (JTAG device index = 0) is programmed with a design that has no supported debug core(s) in it.
ERROR: [Labtoolstcl 44-513] HW Target shutdown. Closing target: localhost:3121/xilinx_tcf/Digilent/210183B03CC8A
INFO: [Labtoolstcl 44-466] Opening hw_target localhost:3121/xilinx_tcf/Digilent/210183B03CC8A
INFO: [Labtools 27-1434] Device xc7a35t (JTAG device index = 0) is programmed with a design that has no supported debug core(s) in it.
WARNING: [Labtoolstcl 44-129] No matching hw_ila_data was found.
set_property PROBES.FILE {} [get_hw_devices xc7a35t_0]
set_property FULL_PROBES.FILE {} [get_hw_devices xc7a35t_0]
set_property PROGRAM.FILE {D:/CODES/vivado/Project14-3/Project14-3.runs/impl_1/top_FIFO.bit} [get_hw_devices xc7a35t_0]
program_hw_devices [get_hw_devices xc7a35t_0]
INFO: [Labtools 27-3164] End of startup status: HIGH
refresh_hw_device [lindex [get_hw_devices xc7a35t_0] 0]
INFO: [Labtools 27-1434] Device xc7a35t (JTAG device index = 0) is programmed with a design that has no supported debug core(s) in it.
ERROR: [Labtoolstcl 44-513] HW Target shutdown. Closing target: localhost:3121/xilinx_tcf/Digilent/210183B03CC8A
close [ open D:/CODES/vivado/Project14-3/Project14-3.srcs/sources_1/new/debkey.v w ]
add_files D:/CODES/vivado/Project14-3/Project14-3.srcs/sources_1/new/debkey.v
update_compile_order -fileset sources_1
update_compile_order -fileset sources_1
update_compile_order -fileset sources_1
reset_run synth_1
WARNING: [Vivado 12-1017] Problems encountered:
1. Failed to delete one or more files in run directory D:/CODES/vivado/Project14-3/Project14-3.runs/synth_1

launch_runs synth_1 -jobs 16
[Thu Dec  2 19:37:11 2021] Launched synth_1...
Run output will be captured here: D:/CODES/vivado/Project14-3/Project14-3.runs/synth_1/runme.log
INFO: [Labtoolstcl 44-466] Opening hw_target localhost:3121/xilinx_tcf/Digilent/210183B03CC8A
INFO: [Labtools 27-1434] Device xc7a35t (JTAG device index = 0) is programmed with a design that has no supported debug core(s) in it.
WARNING: [Labtoolstcl 44-129] No matching hw_ila_data was found.
launch_runs impl_1 -jobs 16
[Thu Dec  2 19:37:39 2021] Launched impl_1...
Run output will be captured here: D:/CODES/vivado/Project14-3/Project14-3.runs/impl_1/runme.log
launch_runs impl_1 -to_step write_bitstream -jobs 16
[Thu Dec  2 19:38:25 2021] Launched impl_1...
Run output will be captured here: D:/CODES/vivado/Project14-3/Project14-3.runs/impl_1/runme.log
set_property PROBES.FILE {} [get_hw_devices xc7a35t_0]
set_property FULL_PROBES.FILE {} [get_hw_devices xc7a35t_0]
set_property PROGRAM.FILE {D:/CODES/vivado/Project14-3/Project14-3.runs/impl_1/top_FIFO.bit} [get_hw_devices xc7a35t_0]
program_hw_devices [get_hw_devices xc7a35t_0]
INFO: [Labtools 27-3164] End of startup status: HIGH
refresh_hw_device [lindex [get_hw_devices xc7a35t_0] 0]
INFO: [Labtools 27-1434] Device xc7a35t (JTAG device index = 0) is programmed with a design that has no supported debug core(s) in it.
ERROR: [Labtoolstcl 44-513] HW Target shutdown. Closing target: localhost:3121/xilinx_tcf/Digilent/210183B03CC8A
reset_run synth_1
WARNING: [Vivado 12-1017] Problems encountered:
1. Failed to delete one or more files in run directory D:/CODES/vivado/Project14-3/Project14-3.runs/synth_1

launch_runs synth_1 -jobs 16
[Thu Dec  2 19:46:30 2021] Launched synth_1...
Run output will be captured here: D:/CODES/vivado/Project14-3/Project14-3.runs/synth_1/runme.log
launch_runs impl_1 -jobs 16
[Thu Dec  2 19:46:54 2021] Launched impl_1...
Run output will be captured here: D:/CODES/vivado/Project14-3/Project14-3.runs/impl_1/runme.log
launch_runs impl_1 -to_step write_bitstream -jobs 16
[Thu Dec  2 19:47:53 2021] Launched impl_1...
Run output will be captured here: D:/CODES/vivado/Project14-3/Project14-3.runs/impl_1/runme.log
disconnect_hw_server localhost:3121
connect_hw_server
INFO: [Labtools 27-2285] Connecting to hw_server url TCP:localhost:3121
ERROR: [Labtoolstcl 44-494] There is no active target available for server at localhost.
 Targets(s) ", jsn-Basys3-210183B03CC8A" may be locked by another hw_server.
disconnect_hw_server localhost:3121
connect_hw_server
INFO: [Labtools 27-2285] Connecting to hw_server url TCP:localhost:3121
open_hw_target
INFO: [Labtoolstcl 44-466] Opening hw_target localhost:3121/xilinx_tcf/Digilent/210183B03CC8A
set_property PROGRAM.FILE {D:/CODES/vivado/Project14-3/Project14-3.runs/impl_1/top_FIFO.bit} [get_hw_devices xc7a35t_0]
current_hw_device [get_hw_devices xc7a35t_0]
refresh_hw_device -update_hw_probes false [lindex [get_hw_devices xc7a35t_0] 0]
INFO: [Labtools 27-1434] Device xc7a35t (JTAG device index = 0) is programmed with a design that has no supported debug core(s) in it.
set_property PROBES.FILE {} [get_hw_devices xc7a35t_0]
set_property FULL_PROBES.FILE {} [get_hw_devices xc7a35t_0]
set_property PROGRAM.FILE {D:/CODES/vivado/Project14-3/Project14-3.runs/impl_1/top_FIFO.bit} [get_hw_devices xc7a35t_0]
program_hw_devices [get_hw_devices xc7a35t_0]
INFO: [Labtools 27-3164] End of startup status: HIGH
refresh_hw_device [lindex [get_hw_devices xc7a35t_0] 0]
INFO: [Labtools 27-1434] Device xc7a35t (JTAG device index = 0) is programmed with a design that has no supported debug core(s) in it.
reset_run synth_1
WARNING: [Vivado 12-1017] Problems encountered:
1. Failed to delete one or more files in run directory D:/CODES/vivado/Project14-3/Project14-3.runs/synth_1

launch_runs synth_1 -jobs 16
[Thu Dec  2 19:49:34 2021] Launched synth_1...
Run output will be captured here: D:/CODES/vivado/Project14-3/Project14-3.runs/synth_1/runme.log
launch_runs impl_1 -jobs 16
[Thu Dec  2 19:49:58 2021] Launched impl_1...
Run output will be captured here: D:/CODES/vivado/Project14-3/Project14-3.runs/impl_1/runme.log
launch_runs impl_1 -to_step write_bitstream -jobs 16
[Thu Dec  2 19:50:45 2021] Launched impl_1...
Run output will be captured here: D:/CODES/vivado/Project14-3/Project14-3.runs/impl_1/runme.log
open_run impl_1
INFO: [Netlist 29-17] Analyzing 4 Unisim elements for replacement
INFO: [Netlist 29-28] Unisim Transformation completed in 0 CPU seconds
INFO: [Project 1-479] Netlist was created with Vivado 2018.3
INFO: [Device 21-403] Loading part xc7a35tcpg236-1
INFO: [Project 1-570] Preparing netlist for logic optimization
INFO: [Timing 38-478] Restoring timing data from binary archive.
INFO: [Timing 38-479] Binary timing data restore complete.
INFO: [Project 1-856] Restoring constraints from binary archive.
INFO: [Project 1-853] Binary constraint restore complete.
Reading XDEF placement.
Reading placer database...
Reading XDEF routing.
Read XDEF File: Time (s): cpu = 00:00:01 ; elapsed = 00:00:00.028 . Memory (MB): peak = 2657.965 ; gain = 0.000
Restored from archive | CPU: 1.000000 secs | Memory: 0.000000 MB |
Finished XDEF File Restore: Time (s): cpu = 00:00:01 ; elapsed = 00:00:00.028 . Memory (MB): peak = 2657.965 ; gain = 0.000
Netlist sorting complete. Time (s): cpu = 00:00:00 ; elapsed = 00:00:00 . Memory (MB): peak = 2657.965 ; gain = 0.000
INFO: [Project 1-111] Unisim Transformation Summary:
No Unisim elements were transformed.

open_run: Time (s): cpu = 00:00:23 ; elapsed = 00:00:20 . Memory (MB): peak = 2868.094 ; gain = 997.777
WARNING: [Timing 38-313] There are no user specified timing constraints. Timing constraints are needed for proper timing analysis.
set_property PROBES.FILE {} [get_hw_devices xc7a35t_0]
set_property FULL_PROBES.FILE {} [get_hw_devices xc7a35t_0]
set_property PROGRAM.FILE {D:/CODES/vivado/Project14-3/Project14-3.runs/impl_1/top_FIFO.bit} [get_hw_devices xc7a35t_0]
program_hw_devices [get_hw_devices xc7a35t_0]
INFO: [Labtools 27-3164] End of startup status: HIGH
refresh_hw_device [lindex [get_hw_devices xc7a35t_0] 0]
INFO: [Labtools 27-1434] Device xc7a35t (JTAG device index = 0) is programmed with a design that has no supported debug core(s) in it.
reset_run synth_1
WARNING: [Vivado 12-1017] Problems encountered:
1. Failed to delete one or more files in run directory D:/CODES/vivado/Project14-3/Project14-3.runs/synth_1

launch_runs synth_1 -jobs 16
[Thu Dec  2 19:52:47 2021] Launched synth_1...
Run output will be captured here: D:/CODES/vivado/Project14-3/Project14-3.runs/synth_1/runme.log
launch_runs impl_1 -jobs 16
[Thu Dec  2 19:53:15 2021] Launched impl_1...
Run output will be captured here: D:/CODES/vivado/Project14-3/Project14-3.runs/impl_1/runme.log
reset_run impl_1 -prev_step 
reset_run synth_1
WARNING: [Vivado 12-1017] Problems encountered:
1. Failed to delete one or more files in run directory D:/CODES/vivado/Project14-3/Project14-3.runs/synth_1

launch_runs synth_1 -jobs 16
[Thu Dec  2 19:53:49 2021] Launched synth_1...
Run output will be captured here: D:/CODES/vivado/Project14-3/Project14-3.runs/synth_1/runme.log
reset_run synth_1
WARNING: [Vivado 12-1017] Problems encountered:
1. Failed to delete one or more files in run directory D:/CODES/vivado/Project14-3/Project14-3.runs/synth_1

launch_runs synth_1 -jobs 16
[Thu Dec  2 19:54:07 2021] Launched synth_1...
Run output will be captured here: D:/CODES/vivado/Project14-3/Project14-3.runs/synth_1/runme.log
launch_runs impl_1 -jobs 16
[Thu Dec  2 19:54:36 2021] Launched impl_1...
Run output will be captured here: D:/CODES/vivado/Project14-3/Project14-3.runs/impl_1/runme.log
refresh_design
INFO: [Netlist 29-17] Analyzing 24 Unisim elements for replacement
INFO: [Netlist 29-28] Unisim Transformation completed in 0 CPU seconds
INFO: [Project 1-479] Netlist was created with Vivado 2018.3
INFO: [Project 1-570] Preparing netlist for logic optimization
INFO: [Timing 38-478] Restoring timing data from binary archive.
INFO: [Timing 38-479] Binary timing data restore complete.
INFO: [Project 1-856] Restoring constraints from binary archive.
INFO: [Project 1-853] Binary constraint restore complete.
Reading XDEF placement.
Reading placer database...
Reading XDEF routing.
Read XDEF File: Time (s): cpu = 00:00:00 ; elapsed = 00:00:00.042 . Memory (MB): peak = 2966.250 ; gain = 0.000
Restored from archive | CPU: 0.000000 secs | Memory: 0.000000 MB |
Finished XDEF File Restore: Time (s): cpu = 00:00:00 ; elapsed = 00:00:00.042 . Memory (MB): peak = 2966.250 ; gain = 0.000
WARNING: [Timing 38-313] There are no user specified timing constraints. Timing constraints are needed for proper timing analysis.
launch_runs impl_1 -to_step write_bitstream -jobs 16
[Thu Dec  2 19:55:33 2021] Launched impl_1...
Run output will be captured here: D:/CODES/vivado/Project14-3/Project14-3.runs/impl_1/runme.log
set_property PROBES.FILE {} [get_hw_devices xc7a35t_0]
set_property FULL_PROBES.FILE {} [get_hw_devices xc7a35t_0]
set_property PROGRAM.FILE {D:/CODES/vivado/Project14-3/Project14-3.runs/impl_1/top_FIFO.bit} [get_hw_devices xc7a35t_0]
program_hw_devices [get_hw_devices xc7a35t_0]
INFO: [Labtools 27-3164] End of startup status: HIGH
refresh_hw_device [lindex [get_hw_devices xc7a35t_0] 0]
INFO: [Labtools 27-1434] Device xc7a35t (JTAG device index = 0) is programmed with a design that has no supported debug core(s) in it.
reset_run synth_1
WARNING: [Vivado 12-1017] Problems encountered:
1. Failed to delete one or more files in run directory D:/CODES/vivado/Project14-3/Project14-3.runs/synth_1

launch_runs synth_1 -jobs 16
[Thu Dec  2 20:02:59 2021] Launched synth_1...
Run output will be captured here: D:/CODES/vivado/Project14-3/Project14-3.runs/synth_1/runme.log
ERROR: [Labtoolstcl 44-513] HW Target shutdown. Closing target: localhost:3121/xilinx_tcf/Digilent/210183B03CC8A
launch_runs impl_1 -jobs 16
[Thu Dec  2 20:03:25 2021] Launched impl_1...
Run output will be captured here: D:/CODES/vivado/Project14-3/Project14-3.runs/impl_1/runme.log
launch_runs impl_1 -to_step write_bitstream -jobs 16
[Thu Dec  2 20:04:11 2021] Launched impl_1...
Run output will be captured here: D:/CODES/vivado/Project14-3/Project14-3.runs/impl_1/runme.log
INFO: [Labtoolstcl 44-466] Opening hw_target localhost:3121/xilinx_tcf/Digilent/210183B03CC8A
INFO: [Labtools 27-1434] Device xc7a35t (JTAG device index = 0) is programmed with a design that has no supported debug core(s) in it.
WARNING: [Labtoolstcl 44-129] No matching hw_ila_data was found.
set_property PROBES.FILE {} [get_hw_devices xc7a35t_0]
set_property FULL_PROBES.FILE {} [get_hw_devices xc7a35t_0]
set_property PROGRAM.FILE {D:/CODES/vivado/Project14-3/Project14-3.runs/impl_1/top_FIFO.bit} [get_hw_devices xc7a35t_0]
program_hw_devices [get_hw_devices xc7a35t_0]
INFO: [Labtools 27-3164] End of startup status: HIGH
refresh_hw_device [lindex [get_hw_devices xc7a35t_0] 0]
INFO: [Labtools 27-1434] Device xc7a35t (JTAG device index = 0) is programmed with a design that has no supported debug core(s) in it.
ERROR: [Labtoolstcl 44-513] HW Target shutdown. Closing target: localhost:3121/xilinx_tcf/Digilent/210183B03CC8A
INFO: [Labtoolstcl 44-466] Opening hw_target localhost:3121/xilinx_tcf/Digilent/210183B03CC8A
INFO: [Labtools 27-1434] Device xc7a35t (JTAG device index = 0) is programmed with a design that has no supported debug core(s) in it.
WARNING: [Labtoolstcl 44-129] No matching hw_ila_data was found.
set_property PROBES.FILE {} [get_hw_devices xc7a35t_0]
set_property FULL_PROBES.FILE {} [get_hw_devices xc7a35t_0]
set_property PROGRAM.FILE {D:/CODES/vivado/Project14-3/Project14-3.runs/impl_1/top_FIFO.bit} [get_hw_devices xc7a35t_0]
program_hw_devices [get_hw_devices xc7a35t_0]
INFO: [Labtools 27-3164] End of startup status: HIGH
refresh_hw_device [lindex [get_hw_devices xc7a35t_0] 0]
INFO: [Labtools 27-1434] Device xc7a35t (JTAG device index = 0) is programmed with a design that has no supported debug core(s) in it.
reset_run synth_1
WARNING: [Vivado 12-1017] Problems encountered:
1. Failed to delete one or more files in run directory D:/CODES/vivado/Project14-3/Project14-3.runs/synth_1

launch_runs impl_1 -to_step write_bitstream -jobs 16
[Thu Dec  2 20:06:45 2021] Launched synth_1...
Run output will be captured here: D:/CODES/vivado/Project14-3/Project14-3.runs/synth_1/runme.log
[Thu Dec  2 20:06:45 2021] Launched impl_1...
Run output will be captured here: D:/CODES/vivado/Project14-3/Project14-3.runs/impl_1/runme.log
ERROR: [Labtoolstcl 44-513] HW Target shutdown. Closing target: localhost:3121/xilinx_tcf/Digilent/210183B03CC8A
disconnect_hw_server localhost:3121
connect_hw_server
INFO: [Labtools 27-2285] Connecting to hw_server url TCP:localhost:3121
ERROR: [Labtoolstcl 44-494] There is no active target available for server at localhost.
 Targets(s) ", jsn-Basys3-210183B03CC8A" may be locked by another hw_server.
disconnect_hw_server localhost:3121
connect_hw_server
INFO: [Labtools 27-2285] Connecting to hw_server url TCP:localhost:3121
ERROR: [Labtoolstcl 44-494] There is no active target available for server at localhost.
 Targets(s) ", jsn-Basys3-210183B03CC8A" may be locked by another hw_server.
disconnect_hw_server localhost:3121
connect_hw_server
INFO: [Labtools 27-2285] Connecting to hw_server url TCP:localhost:3121
open_hw_target
INFO: [Labtoolstcl 44-466] Opening hw_target localhost:3121/xilinx_tcf/Digilent/210183B03CC8A
set_property PROGRAM.FILE {D:/CODES/vivado/Project14-3/Project14-3.runs/impl_1/top_FIFO.bit} [get_hw_devices xc7a35t_0]
current_hw_device [get_hw_devices xc7a35t_0]
refresh_hw_device -update_hw_probes false [lindex [get_hw_devices xc7a35t_0] 0]
INFO: [Labtools 27-1434] Device xc7a35t (JTAG device index = 0) is programmed with a design that has no supported debug core(s) in it.
set_property PROBES.FILE {} [get_hw_devices xc7a35t_0]
set_property FULL_PROBES.FILE {} [get_hw_devices xc7a35t_0]
set_property PROGRAM.FILE {D:/CODES/vivado/Project14-3/Project14-3.runs/impl_1/top_FIFO.bit} [get_hw_devices xc7a35t_0]
program_hw_devices [get_hw_devices xc7a35t_0]
INFO: [Labtools 27-3164] End of startup status: HIGH
refresh_hw_device [lindex [get_hw_devices xc7a35t_0] 0]
INFO: [Labtools 27-1434] Device xc7a35t (JTAG device index = 0) is programmed with a design that has no supported debug core(s) in it.
close_hw
exit
INFO: [Common 17-206] Exiting Vivado at Thu Dec  2 20:14:57 2021...
