#-----------------------------------------------------------
# Vivado v2018.3 (64-bit)
# SW Build 2405991 on Thu Dec  6 23:38:27 MST 2018
# IP Build 2404404 on Fri Dec  7 01:43:56 MST 2018
# Start of session at: Fri Oct 22 16:52:22 2021
# Process ID: 14272
# Current directory: D:/CODES/vivado/nandgate
# Command line: vivado.exe -gui_launcher_event rodinguilauncherevent4332 D:\CODES\vivado\nandgate\nandgate.xpr
# Log file: D:/CODES/vivado/nandgate/vivado.log
# Journal file: D:/CODES/vivado/nandgate\vivado.jou
#-----------------------------------------------------------
start_gui
open_project D:/CODES/vivado/nandgate/nandgate.xpr
Scanning sources...
Finished scanning sources
INFO: [IP_Flow 19-234] Refreshing IP repositories
INFO: [IP_Flow 19-1700] Loaded user IP repository 'd:/CODES/vivado/nandgate/nandgate.srcs/sources_1/new'.
INFO: [IP_Flow 19-2313] Loaded Vivado IP repository 'D:/Xilinx/Vivado/2018.3/data/ip'.
update_compile_order -fileset sources_1
ipx::open_ipxact_file D:/CODES/vivado/nandgate/nandgate.srcs/sources_1/new/component.xml
set_property core_revision 5 [ipx::current_core]
ipx::create_xgui_files [ipx::current_core]
ipx::update_checksums [ipx::current_core]
ipx::save_core [ipx::current_core]
update_ip_catalog -rebuild -repo_path d:/CODES/vivado/nandgate/nandgate.srcs/sources_1/new
INFO: [IP_Flow 19-725] Reloaded user IP repository 'd:/CODES/vivado/nandgate/nandgate.srcs/sources_1/new'
ipx::check_integrity -quiet [ipx::current_core]
ipx::archive_core {d:\CODES\vivado\nandgate\nandgate.srcs\sources_1\new\xilinx.com_user_nandgate_1.0.zip} [ipx::current_core]
ipx::unload_core component_1
exit
INFO: [Common 17-206] Exiting Vivado at Fri Oct 22 16:53:07 2021...
