#-----------------------------------------------------------
# Vivado v2018.3 (64-bit)
# SW Build 2405991 on Thu Dec  6 23:38:27 MST 2018
# IP Build 2404404 on Fri Dec  7 01:43:56 MST 2018
# Start of session at: Tue Apr 19 20:49:28 2022
# Process ID: 11988
# Current directory: D:/CODES/vivado/andgate
# Command line: vivado.exe -gui_launcher_event rodinguilauncherevent9360 D:\CODES\vivado\andgate\andgate.xpr
# Log file: D:/CODES/vivado/andgate/vivado.log
# Journal file: D:/CODES/vivado/andgate\vivado.jou
#-----------------------------------------------------------
start_gui
open_project D:/CODES/vivado/andgate/andgate.xpr
Scanning sources...
Finished scanning sources
INFO: [IP_Flow 19-234] Refreshing IP repositories
INFO: [IP_Flow 19-1700] Loaded user IP repository 'd:/CODES/vivado/andgate/andgate.srcs'.
INFO: [IP_Flow 19-2313] Loaded Vivado IP repository 'D:/Xilinx/Vivado/2018.3/data/ip'.
update_compile_order -fileset sources_1
exit
INFO: [Common 17-206] Exiting Vivado at Tue Apr 19 20:50:16 2022...
