#-----------------------------------------------------------
# Vivado v2018.3 (64-bit)
# SW Build 2405991 on Thu Dec  6 23:38:27 MST 2018
# IP Build 2404404 on Fri Dec  7 01:43:56 MST 2018
# Start of session at: Thu Apr 21 22:07:45 2022
# Process ID: 3640
# Current directory: D:/CODES/vivado/Vivado/_Digital logic/Project14/Project14-1-1
# Command line: vivado.exe -gui_launcher_event rodinguilauncherevent9344 D:\CODES\vivado\Vivado\_Digital logic\Project14\Project14-1-1\Project-14-1-1.xpr
# Log file: D:/CODES/vivado/Vivado/_Digital logic/Project14/Project14-1-1/vivado.log
# Journal file: D:/CODES/vivado/Vivado/_Digital logic/Project14/Project14-1-1\vivado.jou
#-----------------------------------------------------------
start_gui
open_project {D:/CODES/vivado/Vivado/_Digital logic/Project14/Project14-1-1/Project-14-1-1.xpr}
INFO: [Project 1-313] Project file moved from 'C:/Users/lenovo/Desktop/Project14/Project14-1-1' since last save.
Scanning sources...
Finished scanning sources
INFO: [IP_Flow 19-234] Refreshing IP repositories
INFO: [IP_Flow 19-1704] No user IP repositories specified
INFO: [IP_Flow 19-2313] Loaded Vivado IP repository 'D:/Xilinx/Vivado/2018.3/data/ip'.
update_compile_order -fileset sources_1
exit
INFO: [Common 17-206] Exiting Vivado at Thu Apr 21 22:13:55 2022...
