#-----------------------------------------------------------
# Vivado v2018.3 (64-bit)
# SW Build 2405991 on Thu Dec  6 23:38:27 MST 2018
# IP Build 2404404 on Fri Dec  7 01:43:56 MST 2018
# Start of session at: Fri Oct 22 16:53:05 2021
# Process ID: 20892
# Current directory: D:/CODES/vivado/norgate
# Command line: vivado.exe -gui_launcher_event rodinguilauncherevent9800 D:\CODES\vivado\norgate\norgate.xpr
# Log file: D:/CODES/vivado/norgate/vivado.log
# Journal file: D:/CODES/vivado/norgate\vivado.jou
#-----------------------------------------------------------
start_gui
open_project D:/CODES/vivado/norgate/norgate.xpr
Scanning sources...
Finished scanning sources
INFO: [IP_Flow 19-234] Refreshing IP repositories
INFO: [IP_Flow 19-1700] Loaded user IP repository 'd:/CODES/vivado/norgate/norgate.srcs/sources_1/new'.
INFO: [IP_Flow 19-2313] Loaded Vivado IP repository 'D:/Xilinx/Vivado/2018.3/data/ip'.
update_compile_order -fileset sources_1
ipx::open_ipxact_file D:/CODES/vivado/norgate/norgate.srcs/sources_1/new/component.xml
WARNING: [IP_Flow 19-5226] Project source file 'd:/CODES/vivado/norgate/norgate.srcs/sources_1/new/component.xml' ignored by IP packager.
WARNING: [IP_Flow 19-3898] File Group 'xilinx_anylanguagesynthesis (Synthesis)': File 'd:/CODES/vivado/norgate/norgate.srcs/sources_1/new/norgate.v' is not found in the project sources. It will be removed from the packaged IP when the sources are merged. If still required, please add this file to the project and re-package.
WARNING: [IP_Flow 19-4308] Project file 'd:/CODES/vivado/norgate/norgate.srcs/sources_1/new/norgate.v' is not found in the component files. It will be added automatically when merging sources and repackaging. Please remove the file from the source project if this is not desired.
WARNING: [IP_Flow 19-3898] File Group 'xilinx_anylanguagebehavioralsimulation (Simulation)': File 'd:/CODES/vivado/norgate/norgate.srcs/sources_1/new/norgate.v' is not found in the project sources. It will be removed from the packaged IP when the sources are merged. If still required, please add this file to the project and re-package.
WARNING: [IP_Flow 19-4308] Project file 'd:/CODES/vivado/norgate/norgate.srcs/sources_1/new/norgate.v' is not found in the component files. It will be added automatically when merging sources and repackaging. Please remove the file from the source project if this is not desired.
ipx::merge_project_changes hdl_parameters [ipx::current_core]
WARNING: [IP_Flow 19-5226] Project source file 'd:/CODES/vivado/norgate/norgate.srcs/sources_1/new/component.xml' ignored by IP packager.
WARNING: [IP_Flow 19-5109] File Group 'xilinx_anylanguagesynthesis (Synthesis)': File 'd:/CODES/vivado/norgate/norgate.srcs/sources_1/new/norgate.v' does not exist in the project sources. It has been removed from the packaged IP. If still required, please add this file to the project, merge sources and re-package.
WARNING: [IP_Flow 19-5109] File Group 'xilinx_anylanguagebehavioralsimulation (Simulation)': File 'd:/CODES/vivado/norgate/norgate.srcs/sources_1/new/norgate.v' does not exist in the project sources. It has been removed from the packaged IP. If still required, please add this file to the project, merge sources and re-package.
set_property core_revision 3 [ipx::current_core]
ipx::create_xgui_files [ipx::current_core]
ipx::update_checksums [ipx::current_core]
ipx::save_core [ipx::current_core]
update_ip_catalog -rebuild -repo_path d:/CODES/vivado/norgate/norgate.srcs/sources_1/new
INFO: [IP_Flow 19-725] Reloaded user IP repository 'd:/CODES/vivado/norgate/norgate.srcs/sources_1/new'
ipx::check_integrity -quiet [ipx::current_core]
ipx::archive_core {d:\CODES\vivado\norgate\norgate.srcs\sources_1\new\xilinx.com_user_norgate_1.0.zip} [ipx::current_core]
ipx::unload_core component_1
exit
INFO: [Common 17-206] Exiting Vivado at Fri Oct 22 16:53:42 2021...
