#-----------------------------------------------------------
# Vivado v2018.3 (64-bit)
# SW Build 2405991 on Thu Dec  6 23:38:27 MST 2018
# IP Build 2404404 on Fri Dec  7 01:43:56 MST 2018
# Start of session at: Fri Oct 22 17:35:32 2021
# Process ID: 19468
# Current directory: D:/CODES/vivado/notgate
# Command line: vivado.exe -gui_launcher_event rodinguilauncherevent23116 D:\CODES\vivado\notgate\notgate.xpr
# Log file: D:/CODES/vivado/notgate/vivado.log
# Journal file: D:/CODES/vivado/notgate\vivado.jou
#-----------------------------------------------------------
start_gui
open_project D:/CODES/vivado/notgate/notgate.xpr
Scanning sources...
Finished scanning sources
INFO: [IP_Flow 19-234] Refreshing IP repositories
INFO: [IP_Flow 19-1700] Loaded user IP repository 'd:/CODES/vivado/notgate/notgate.srcs/sources_1/new'.
INFO: [IP_Flow 19-2313] Loaded Vivado IP repository 'D:/Xilinx/Vivado/2018.3/data/ip'.
update_compile_order -fileset sources_1
launch_simulation
INFO: [Vivado 12-5682] Launching behavioral simulation in 'D:/CODES/vivado/notgate/notgate.sim/sim_1/behav/xsim'
INFO: [SIM-utils-51] Simulation object is 'sim_1'
INFO: [SIM-utils-54] Inspecting design source files for 'notgate_sim' in fileset 'sim_1'...
INFO: [USF-XSim-97] Finding global include files...
INFO: [USF-XSim-98] Fetching design files from 'sim_1'...
INFO: [USF-XSim-2] XSim::Compile design
INFO: [USF-XSim-61] Executing 'COMPILE and ANALYZE' step in 'D:/CODES/vivado/notgate/notgate.sim/sim_1/behav/xsim'
"xvlog --incr --relax -prj notgate_sim_vlog.prj"
INFO: [VRFC 10-2263] Analyzing Verilog file "D:/CODES/vivado/notgate/notgate.srcs/sources_1/new/notgate.v" into library xil_defaultlib
INFO: [VRFC 10-311] analyzing module notgate
INFO: [VRFC 10-2263] Analyzing Verilog file "D:/CODES/vivado/notgate/notgate.srcs/sim_1/new/notgate_sim.v" into library xil_defaultlib
INFO: [VRFC 10-311] analyzing module notgate_sim
INFO: [USF-XSim-69] 'compile' step finished in '1' seconds
INFO: [USF-XSim-3] XSim::Elaborate design
INFO: [USF-XSim-61] Executing 'ELABORATE' step in 'D:/CODES/vivado/notgate/notgate.sim/sim_1/behav/xsim'
Vivado Simulator 2018.3
Copyright 1986-1999, 2001-2018 Xilinx, Inc. All Rights Reserved.
Running: D:/Xilinx/Vivado/2018.3/bin/unwrapped/win64.o/xelab.exe -wto 5f7196d9c30249f8876516f720b4727f --incr --debug typical --relax --mt 2 -L xil_defaultlib -L unisims_ver -L unimacro_ver -L secureip --snapshot notgate_sim_behav xil_defaultlib.notgate_sim xil_defaultlib.glbl -log elaborate.log 
Using 2 slave threads.
Starting static elaboration
Completed static elaboration
Starting simulation data flow analysis
Completed simulation data flow analysis
Time Resolution for simulation is 1ps
Compiling module xil_defaultlib.notgate(WIDTH=1)
Compiling module xil_defaultlib.notgate_sim
Compiling module xil_defaultlib.glbl
Built simulation snapshot notgate_sim_behav
INFO: [USF-XSim-69] 'elaborate' step finished in '1' seconds
INFO: [USF-XSim-4] XSim::Simulate design
INFO: [USF-XSim-61] Executing 'SIMULATE' step in 'D:/CODES/vivado/notgate/notgate.sim/sim_1/behav/xsim'
INFO: [USF-XSim-98] *** Running xsim
   with args "notgate_sim_behav -key {Behavioral:sim_1:Functional:notgate_sim} -tclbatch {notgate_sim.tcl} -log {simulate.log}"
INFO: [USF-XSim-8] Loading simulator feature
Vivado Simulator 2018.3
Time resolution is 1 ps
source notgate_sim.tcl
# set curr_wave [current_wave_config]
# if { [string length $curr_wave] == 0 } {
#   if { [llength [get_objects]] > 0} {
#     add_wave /
#     set_property needs_save false [current_wave_config]
#   } else {
#      send_msg_id Add_Wave-1 WARNING "No top level signals found. Simulator will start without a wave window. If you want to open a wave window go to 'File->New Waveform Configuration' or type 'create_wave_config' in the TCL console."
#   }
# }
# run 1000ns
INFO: [USF-XSim-96] XSim completed. Design snapshot 'notgate_sim_behav' loaded.
INFO: [USF-XSim-97] XSim simulation ran for 1000ns
close_sim
INFO: [Simtcl 6-16] Simulation closed
launch_simulation
INFO: [Vivado 12-5682] Launching behavioral simulation in 'D:/CODES/vivado/notgate/notgate.sim/sim_1/behav/xsim'
INFO: [SIM-utils-51] Simulation object is 'sim_1'
INFO: [SIM-utils-54] Inspecting design source files for 'notgate_sim' in fileset 'sim_1'...
INFO: [USF-XSim-97] Finding global include files...
INFO: [USF-XSim-98] Fetching design files from 'sim_1'...
INFO: [USF-XSim-2] XSim::Compile design
INFO: [USF-XSim-61] Executing 'COMPILE and ANALYZE' step in 'D:/CODES/vivado/notgate/notgate.sim/sim_1/behav/xsim'
"xvlog --incr --relax -prj notgate_sim_vlog.prj"
INFO: [VRFC 10-2263] Analyzing Verilog file "D:/CODES/vivado/notgate/notgate.srcs/sources_1/new/notgate.v" into library xil_defaultlib
INFO: [VRFC 10-311] analyzing module notgate
INFO: [VRFC 10-2263] Analyzing Verilog file "D:/CODES/vivado/notgate/notgate.srcs/sim_1/new/notgate_sim.v" into library xil_defaultlib
INFO: [VRFC 10-311] analyzing module notgate_sim
INFO: [USF-XSim-69] 'compile' step finished in '1' seconds
INFO: [USF-XSim-3] XSim::Elaborate design
INFO: [USF-XSim-61] Executing 'ELABORATE' step in 'D:/CODES/vivado/notgate/notgate.sim/sim_1/behav/xsim'
Vivado Simulator 2018.3
Copyright 1986-1999, 2001-2018 Xilinx, Inc. All Rights Reserved.
Running: D:/Xilinx/Vivado/2018.3/bin/unwrapped/win64.o/xelab.exe -wto 5f7196d9c30249f8876516f720b4727f --incr --debug typical --relax --mt 2 -L xil_defaultlib -L unisims_ver -L unimacro_ver -L secureip --snapshot notgate_sim_behav xil_defaultlib.notgate_sim xil_defaultlib.glbl -log elaborate.log 
Using 2 slave threads.
Starting static elaboration
Completed static elaboration
Starting simulation data flow analysis
Completed simulation data flow analysis
Time Resolution for simulation is 1ps
Compiling module xil_defaultlib.notgate(WIDTH=1)
Compiling module xil_defaultlib.notgate_sim
Compiling module xil_defaultlib.glbl
Built simulation snapshot notgate_sim_behav
INFO: [USF-XSim-69] 'elaborate' step finished in '1' seconds
INFO: [USF-XSim-4] XSim::Simulate design
INFO: [USF-XSim-61] Executing 'SIMULATE' step in 'D:/CODES/vivado/notgate/notgate.sim/sim_1/behav/xsim'
INFO: [USF-XSim-98] *** Running xsim
   with args "notgate_sim_behav -key {Behavioral:sim_1:Functional:notgate_sim} -tclbatch {notgate_sim.tcl} -log {simulate.log}"
INFO: [USF-XSim-8] Loading simulator feature
Vivado Simulator 2018.3
Time resolution is 1 ps
source notgate_sim.tcl
# set curr_wave [current_wave_config]
# if { [string length $curr_wave] == 0 } {
#   if { [llength [get_objects]] > 0} {
#     add_wave /
#     set_property needs_save false [current_wave_config]
#   } else {
#      send_msg_id Add_Wave-1 WARNING "No top level signals found. Simulator will start without a wave window. If you want to open a wave window go to 'File->New Waveform Configuration' or type 'create_wave_config' in the TCL console."
#   }
# }
# run 1000ns
INFO: [USF-XSim-96] XSim completed. Design snapshot 'notgate_sim_behav' loaded.
INFO: [USF-XSim-97] XSim simulation ran for 1000ns
close_sim
INFO: [Simtcl 6-16] Simulation closed
exit
INFO: [Common 17-206] Exiting Vivado at Fri Oct 22 17:36:56 2021...
