#-----------------------------------------------------------
# Vivado v2018.3 (64-bit)
# SW Build 2405991 on Thu Dec  6 23:38:27 MST 2018
# IP Build 2404404 on Fri Dec  7 01:43:56 MST 2018
# Start of session at: Fri Oct 22 17:09:32 2021
# Process ID: 19584
# Current directory: D:/CODES/vivado/notgate
# Command line: vivado.exe -gui_launcher_event rodinguilauncherevent21808 D:\CODES\vivado\notgate\notgate.xpr
# Log file: D:/CODES/vivado/notgate/vivado.log
# Journal file: D:/CODES/vivado/notgate\vivado.jou
#-----------------------------------------------------------
start_gui
open_project D:/CODES/vivado/notgate/notgate.xpr
Scanning sources...
Finished scanning sources
INFO: [IP_Flow 19-234] Refreshing IP repositories
INFO: [IP_Flow 19-1700] Loaded user IP repository 'd:/CODES/vivado/notgate/notgate.srcs/sources_1/new'.
INFO: [IP_Flow 19-2313] Loaded Vivado IP repository 'D:/Xilinx/Vivado/2018.3/data/ip'.
update_compile_order -fileset sources_1
ipx::open_ipxact_file D:/CODES/vivado/notgate/notgate.srcs/sources_1/new/component.xml
WARNING: [IP_Flow 19-5226] Project source file 'd:/CODES/vivado/notgate/notgate.srcs/sources_1/new/component.xml' ignored by IP packager.
WARNING: [IP_Flow 19-3898] File Group 'xilinx_anylanguagesynthesis (Synthesis)': File 'd:/CODES/vivado/notgate/notgate.srcs/sources_1/new/notgate.v' is not found in the project sources. It will be removed from the packaged IP when the sources are merged. If still required, please add this file to the project and re-package.
WARNING: [IP_Flow 19-3898] File Group 'xilinx_anylanguagebehavioralsimulation (Simulation)': File 'd:/CODES/vivado/notgate/notgate.srcs/sources_1/new/notgate.v' is not found in the project sources. It will be removed from the packaged IP when the sources are merged. If still required, please add this file to the project and re-package.
ipx::merge_project_changes hdl_parameters [ipx::current_core]
WARNING: [IP_Flow 19-5226] Project source file 'd:/CODES/vivado/notgate/notgate.srcs/sources_1/new/component.xml' ignored by IP packager.
set_property core_revision 4 [ipx::current_core]
ipx::create_xgui_files [ipx::current_core]
ipx::update_checksums [ipx::current_core]
ipx::save_core [ipx::current_core]
update_ip_catalog -rebuild -repo_path d:/CODES/vivado/notgate/notgate.srcs/sources_1/new
INFO: [IP_Flow 19-725] Reloaded user IP repository 'd:/CODES/vivado/notgate/notgate.srcs/sources_1/new'
ipx::check_integrity -quiet [ipx::current_core]
ipx::archive_core {d:\CODES\vivado\notgate\notgate.srcs\sources_1\new\xilinx.com_user_notgate_1.0.zip} [ipx::current_core]
ipx::unload_core component_1
exit
INFO: [Common 17-206] Exiting Vivado at Fri Oct 22 17:10:43 2021...
