#-----------------------------------------------------------
# Vivado v2018.3 (64-bit)
# SW Build 2405991 on Thu Dec  6 23:38:27 MST 2018
# IP Build 2404404 on Fri Dec  7 01:43:56 MST 2018
# Start of session at: Thu Dec  2 18:37:16 2021
# Process ID: 8292
# Current directory: D:/CODES/vivado/Project14-2-2
# Command line: vivado.exe -gui_launcher_event rodinguilauncherevent2556 D:\CODES\vivado\Project14-2-2\Project14-2-2.xpr
# Log file: D:/CODES/vivado/Project14-2-2/vivado.log
# Journal file: D:/CODES/vivado/Project14-2-2\vivado.jou
#-----------------------------------------------------------
start_gui
open_project D:/CODES/vivado/Project14-2-2/Project14-2-2.xpr
Scanning sources...
Finished scanning sources
INFO: [IP_Flow 19-234] Refreshing IP repositories
INFO: [IP_Flow 19-1704] No user IP repositories specified
INFO: [IP_Flow 19-2313] Loaded Vivado IP repository 'D:/Xilinx/Vivado/2018.3/data/ip'.
update_compile_order -fileset sources_1
open_hw
connect_hw_server
INFO: [Labtools 27-2285] Connecting to hw_server url TCP:localhost:3121
open_hw_target
INFO: [Labtoolstcl 44-466] Opening hw_target localhost:3121/xilinx_tcf/Digilent/210183B03CC8A
set_property PROGRAM.FILE {D:/CODES/vivado/Project14-2-2/Project14-2-2.runs/impl_1/top_Asy_DoublePortRAM.bit} [get_hw_devices xc7a35t_0]
current_hw_device [get_hw_devices xc7a35t_0]
refresh_hw_device -update_hw_probes false [lindex [get_hw_devices xc7a35t_0] 0]
INFO: [Labtools 27-1434] Device xc7a35t (JTAG device index = 0) is programmed with a design that has no supported debug core(s) in it.
set_property PROBES.FILE {} [get_hw_devices xc7a35t_0]
set_property FULL_PROBES.FILE {} [get_hw_devices xc7a35t_0]
set_property PROGRAM.FILE {D:/CODES/vivado/Project14-2-2/Project14-2-2.runs/impl_1/top_Asy_DoublePortRAM.bit} [get_hw_devices xc7a35t_0]
program_hw_devices [get_hw_devices xc7a35t_0]
INFO: [Labtools 27-3164] End of startup status: HIGH
refresh_hw_device [lindex [get_hw_devices xc7a35t_0] 0]
INFO: [Labtools 27-1434] Device xc7a35t (JTAG device index = 0) is programmed with a design that has no supported debug core(s) in it.
ERROR: [Labtoolstcl 44-513] HW Target shutdown. Closing target: localhost:3121/xilinx_tcf/Digilent/210183B03CC8A
exit
INFO: [Common 17-206] Exiting Vivado at Thu Dec  2 19:21:41 2021...
